Reading netlist file: "G:\_Programming\_DOCS\Schematics\ModularNBrain\FPGA\Video\NBvideo\impl\gwsynthesis\NBvideo.vg"
Parsing netlist file "G:\_Programming\_DOCS\Schematics\ModularNBrain\FPGA\Video\NBvideo\impl\gwsynthesis\NBvideo.vg" completed
WARN  (PA1001) : Dangling net 'DO[2]'(source:'sp_inst_0') in module 'Gowin_SPRAM' has no destination
WARN  (PA1001) : Dangling net 'DO[3]'(source:'sp_inst_0') in module 'Gowin_SPRAM' has no destination
WARN  (PA1001) : Dangling net 'DO[4]'(source:'sp_inst_0') in module 'Gowin_SPRAM' has no destination
WARN  (PA1001) : Dangling net 'DO[5]'(source:'sp_inst_0') in module 'Gowin_SPRAM' has no destination
WARN  (PA1001) : Dangling net 'DO[6]'(source:'sp_inst_0') in module 'Gowin_SPRAM' has no destination
WARN  (PA1001) : Dangling net 'DO[7]'(source:'sp_inst_0') in module 'Gowin_SPRAM' has no destination
WARN  (PA1001) : Dangling net 'DO[8]'(source:'sp_inst_0') in module 'Gowin_SPRAM' has no destination
WARN  (PA1001) : Dangling net 'DO[9]'(source:'sp_inst_0') in module 'Gowin_SPRAM' has no destination
WARN  (PA1001) : Dangling net 'DO[10]'(source:'sp_inst_0') in module 'Gowin_SPRAM' has no destination
WARN  (PA1001) : Dangling net 'DO[11]'(source:'sp_inst_0') in module 'Gowin_SPRAM' has no destination
WARN  (PA1001) : Dangling net 'DO[12]'(source:'sp_inst_0') in module 'Gowin_SPRAM' has no destination
WARN  (PA1001) : Dangling net 'DO[13]'(source:'sp_inst_0') in module 'Gowin_SPRAM' has no destination
WARN  (PA1001) : Dangling net 'DO[14]'(source:'sp_inst_0') in module 'Gowin_SPRAM' has no destination
WARN  (PA1001) : Dangling net 'DO[15]'(source:'sp_inst_0') in module 'Gowin_SPRAM' has no destination
WARN  (PA1001) : Dangling net 'DO[16]'(source:'sp_inst_0') in module 'Gowin_SPRAM' has no destination
WARN  (PA1001) : Dangling net 'DO[17]'(source:'sp_inst_0') in module 'Gowin_SPRAM' has no destination
WARN  (PA1001) : Dangling net 'DO[18]'(source:'sp_inst_0') in module 'Gowin_SPRAM' has no destination
WARN  (PA1001) : Dangling net 'DO[19]'(source:'sp_inst_0') in module 'Gowin_SPRAM' has no destination
WARN  (PA1001) : Dangling net 'DO[20]'(source:'sp_inst_0') in module 'Gowin_SPRAM' has no destination
WARN  (PA1001) : Dangling net 'DO[21]'(source:'sp_inst_0') in module 'Gowin_SPRAM' has no destination
WARN  (PA1001) : Dangling net 'DO[22]'(source:'sp_inst_0') in module 'Gowin_SPRAM' has no destination
WARN  (PA1001) : Dangling net 'DO[23]'(source:'sp_inst_0') in module 'Gowin_SPRAM' has no destination
WARN  (PA1001) : Dangling net 'DO[24]'(source:'sp_inst_0') in module 'Gowin_SPRAM' has no destination
WARN  (PA1001) : Dangling net 'DO[25]'(source:'sp_inst_0') in module 'Gowin_SPRAM' has no destination
WARN  (PA1001) : Dangling net 'DO[26]'(source:'sp_inst_0') in module 'Gowin_SPRAM' has no destination
WARN  (PA1001) : Dangling net 'DO[27]'(source:'sp_inst_0') in module 'Gowin_SPRAM' has no destination
WARN  (PA1001) : Dangling net 'DO[28]'(source:'sp_inst_0') in module 'Gowin_SPRAM' has no destination
WARN  (PA1001) : Dangling net 'DO[29]'(source:'sp_inst_0') in module 'Gowin_SPRAM' has no destination
WARN  (PA1001) : Dangling net 'DO[30]'(source:'sp_inst_0') in module 'Gowin_SPRAM' has no destination
WARN  (PA1001) : Dangling net 'DO[31]'(source:'sp_inst_0') in module 'Gowin_SPRAM' has no destination
WARN  (PA1001) : Dangling net 'DO_0[2]'(source:'sp_inst_1') in module 'Gowin_SPRAM' has no destination
WARN  (PA1001) : Dangling net 'DO_0[3]'(source:'sp_inst_1') in module 'Gowin_SPRAM' has no destination
WARN  (PA1001) : Dangling net 'DO_0[4]'(source:'sp_inst_1') in module 'Gowin_SPRAM' has no destination
WARN  (PA1001) : Dangling net 'DO_0[5]'(source:'sp_inst_1') in module 'Gowin_SPRAM' has no destination
WARN  (PA1001) : Dangling net 'DO_0[6]'(source:'sp_inst_1') in module 'Gowin_SPRAM' has no destination
WARN  (PA1001) : Dangling net 'DO_0[7]'(source:'sp_inst_1') in module 'Gowin_SPRAM' has no destination
WARN  (PA1001) : Dangling net 'DO_0[8]'(source:'sp_inst_1') in module 'Gowin_SPRAM' has no destination
WARN  (PA1001) : Dangling net 'DO_0[9]'(source:'sp_inst_1') in module 'Gowin_SPRAM' has no destination
WARN  (PA1001) : Dangling net 'DO_0[10]'(source:'sp_inst_1') in module 'Gowin_SPRAM' has no destination
WARN  (PA1001) : Dangling net 'DO_0[11]'(source:'sp_inst_1') in module 'Gowin_SPRAM' has no destination
WARN  (PA1001) : Dangling net 'DO_0[12]'(source:'sp_inst_1') in module 'Gowin_SPRAM' has no destination
WARN  (PA1001) : Dangling net 'DO_0[13]'(source:'sp_inst_1') in module 'Gowin_SPRAM' has no destination
WARN  (PA1001) : Dangling net 'DO_0[14]'(source:'sp_inst_1') in module 'Gowin_SPRAM' has no destination
WARN  (PA1001) : Dangling net 'DO_0[15]'(source:'sp_inst_1') in module 'Gowin_SPRAM' has no destination
WARN  (PA1001) : Dangling net 'DO_0[16]'(source:'sp_inst_1') in module 'Gowin_SPRAM' has no destination
WARN  (PA1001) : Dangling net 'DO_0[17]'(source:'sp_inst_1') in module 'Gowin_SPRAM' has no destination
WARN  (PA1001) : Dangling net 'DO_0[18]'(source:'sp_inst_1') in module 'Gowin_SPRAM' has no destination
WARN  (PA1001) : Dangling net 'DO_0[19]'(source:'sp_inst_1') in module 'Gowin_SPRAM' has no destination
WARN  (PA1001) : Dangling net 'DO_0[20]'(source:'sp_inst_1') in module 'Gowin_SPRAM' has no destination
WARN  (PA1001) : Dangling net 'DO_0[21]'(source:'sp_inst_1') in module 'Gowin_SPRAM' has no destination
WARN  (PA1001) : Dangling net 'DO_0[22]'(source:'sp_inst_1') in module 'Gowin_SPRAM' has no destination
WARN  (PA1001) : Dangling net 'DO_0[23]'(source:'sp_inst_1') in module 'Gowin_SPRAM' has no destination
WARN  (PA1001) : Dangling net 'DO_0[24]'(source:'sp_inst_1') in module 'Gowin_SPRAM' has no destination
WARN  (PA1001) : Dangling net 'DO_0[25]'(source:'sp_inst_1') in module 'Gowin_SPRAM' has no destination
WARN  (PA1001) : Dangling net 'DO_0[26]'(source:'sp_inst_1') in module 'Gowin_SPRAM' has no destination
WARN  (PA1001) : Dangling net 'DO_0[27]'(source:'sp_inst_1') in module 'Gowin_SPRAM' has no destination
WARN  (PA1001) : Dangling net 'DO_0[28]'(source:'sp_inst_1') in module 'Gowin_SPRAM' has no destination
WARN  (PA1001) : Dangling net 'DO_0[29]'(source:'sp_inst_1') in module 'Gowin_SPRAM' has no destination
WARN  (PA1001) : Dangling net 'DO_0[30]'(source:'sp_inst_1') in module 'Gowin_SPRAM' has no destination
WARN  (PA1001) : Dangling net 'DO_0[31]'(source:'sp_inst_1') in module 'Gowin_SPRAM' has no destination
WARN  (PA1001) : Dangling net 'DO_1[2]'(source:'sp_inst_2') in module 'Gowin_SPRAM' has no destination
WARN  (PA1001) : Dangling net 'DO_1[3]'(source:'sp_inst_2') in module 'Gowin_SPRAM' has no destination
WARN  (PA1001) : Dangling net 'DO_1[4]'(source:'sp_inst_2') in module 'Gowin_SPRAM' has no destination
WARN  (PA1001) : Dangling net 'DO_1[5]'(source:'sp_inst_2') in module 'Gowin_SPRAM' has no destination
WARN  (PA1001) : Dangling net 'DO_1[6]'(source:'sp_inst_2') in module 'Gowin_SPRAM' has no destination
WARN  (PA1001) : Dangling net 'DO_1[7]'(source:'sp_inst_2') in module 'Gowin_SPRAM' has no destination
WARN  (PA1001) : Dangling net 'DO_1[8]'(source:'sp_inst_2') in module 'Gowin_SPRAM' has no destination
WARN  (PA1001) : Dangling net 'DO_1[9]'(source:'sp_inst_2') in module 'Gowin_SPRAM' has no destination
WARN  (PA1001) : Dangling net 'DO_1[10]'(source:'sp_inst_2') in module 'Gowin_SPRAM' has no destination
WARN  (PA1001) : Dangling net 'DO_1[11]'(source:'sp_inst_2') in module 'Gowin_SPRAM' has no destination
WARN  (PA1001) : Dangling net 'DO_1[12]'(source:'sp_inst_2') in module 'Gowin_SPRAM' has no destination
WARN  (PA1001) : Dangling net 'DO_1[13]'(source:'sp_inst_2') in module 'Gowin_SPRAM' has no destination
WARN  (PA1001) : Dangling net 'DO_1[14]'(source:'sp_inst_2') in module 'Gowin_SPRAM' has no destination
WARN  (PA1001) : Dangling net 'DO_1[15]'(source:'sp_inst_2') in module 'Gowin_SPRAM' has no destination
WARN  (PA1001) : Dangling net 'DO_1[16]'(source:'sp_inst_2') in module 'Gowin_SPRAM' has no destination
WARN  (PA1001) : Dangling net 'DO_1[17]'(source:'sp_inst_2') in module 'Gowin_SPRAM' has no destination
WARN  (PA1001) : Dangling net 'DO_1[18]'(source:'sp_inst_2') in module 'Gowin_SPRAM' has no destination
WARN  (PA1001) : Dangling net 'DO_1[19]'(source:'sp_inst_2') in module 'Gowin_SPRAM' has no destination
WARN  (PA1001) : Dangling net 'DO_1[20]'(source:'sp_inst_2') in module 'Gowin_SPRAM' has no destination
WARN  (PA1001) : Dangling net 'DO_1[21]'(source:'sp_inst_2') in module 'Gowin_SPRAM' has no destination
WARN  (PA1001) : Dangling net 'DO_1[22]'(source:'sp_inst_2') in module 'Gowin_SPRAM' has no destination
WARN  (PA1001) : Dangling net 'DO_1[23]'(source:'sp_inst_2') in module 'Gowin_SPRAM' has no destination
WARN  (PA1001) : Dangling net 'DO_1[24]'(source:'sp_inst_2') in module 'Gowin_SPRAM' has no destination
WARN  (PA1001) : Dangling net 'DO_1[25]'(source:'sp_inst_2') in module 'Gowin_SPRAM' has no destination
WARN  (PA1001) : Dangling net 'DO_1[26]'(source:'sp_inst_2') in module 'Gowin_SPRAM' has no destination
WARN  (PA1001) : Dangling net 'DO_1[27]'(source:'sp_inst_2') in module 'Gowin_SPRAM' has no destination
WARN  (PA1001) : Dangling net 'DO_1[28]'(source:'sp_inst_2') in module 'Gowin_SPRAM' has no destination
WARN  (PA1001) : Dangling net 'DO_1[29]'(source:'sp_inst_2') in module 'Gowin_SPRAM' has no destination
WARN  (PA1001) : Dangling net 'DO_1[30]'(source:'sp_inst_2') in module 'Gowin_SPRAM' has no destination
WARN  (PA1001) : Dangling net 'DO_1[31]'(source:'sp_inst_2') in module 'Gowin_SPRAM' has no destination
WARN  (PA1001) : Dangling net 'DO_2[2]'(source:'sp_inst_3') in module 'Gowin_SPRAM' has no destination
WARN  (PA1001) : Dangling net 'DO_2[3]'(source:'sp_inst_3') in module 'Gowin_SPRAM' has no destination
WARN  (PA1001) : Dangling net 'DO_2[4]'(source:'sp_inst_3') in module 'Gowin_SPRAM' has no destination
WARN  (PA1001) : Dangling net 'DO_2[5]'(source:'sp_inst_3') in module 'Gowin_SPRAM' has no destination
WARN  (PA1001) : Dangling net 'DO_2[6]'(source:'sp_inst_3') in module 'Gowin_SPRAM' has no destination
WARN  (PA1001) : Dangling net 'DO_2[7]'(source:'sp_inst_3') in module 'Gowin_SPRAM' has no destination
WARN  (PA1001) : Dangling net 'DO_2[8]'(source:'sp_inst_3') in module 'Gowin_SPRAM' has no destination
WARN  (PA1001) : Dangling net 'DO_2[9]'(source:'sp_inst_3') in module 'Gowin_SPRAM' has no destination
WARN  (PA1001) : Dangling net 'DO_2[10]'(source:'sp_inst_3') in module 'Gowin_SPRAM' has no destination
WARN  (PA1001) : Dangling net 'DO_2[11]'(source:'sp_inst_3') in module 'Gowin_SPRAM' has no destination
WARN  (PA1001) : Dangling net 'DO_2[12]'(source:'sp_inst_3') in module 'Gowin_SPRAM' has no destination
WARN  (PA1001) : Dangling net 'DO_2[13]'(source:'sp_inst_3') in module 'Gowin_SPRAM' has no destination
WARN  (PA1001) : Dangling net 'DO_2[14]'(source:'sp_inst_3') in module 'Gowin_SPRAM' has no destination
WARN  (PA1001) : Dangling net 'DO_2[15]'(source:'sp_inst_3') in module 'Gowin_SPRAM' has no destination
WARN  (PA1001) : Dangling net 'DO_2[16]'(source:'sp_inst_3') in module 'Gowin_SPRAM' has no destination
WARN  (PA1001) : Dangling net 'DO_2[17]'(source:'sp_inst_3') in module 'Gowin_SPRAM' has no destination
WARN  (PA1001) : Dangling net 'DO_2[18]'(source:'sp_inst_3') in module 'Gowin_SPRAM' has no destination
WARN  (PA1001) : Dangling net 'DO_2[19]'(source:'sp_inst_3') in module 'Gowin_SPRAM' has no destination
WARN  (PA1001) : Dangling net 'DO_2[20]'(source:'sp_inst_3') in module 'Gowin_SPRAM' has no destination
WARN  (PA1001) : Dangling net 'DO_2[21]'(source:'sp_inst_3') in module 'Gowin_SPRAM' has no destination
WARN  (PA1001) : Dangling net 'DO_2[22]'(source:'sp_inst_3') in module 'Gowin_SPRAM' has no destination
WARN  (PA1001) : Dangling net 'DO_2[23]'(source:'sp_inst_3') in module 'Gowin_SPRAM' has no destination
WARN  (PA1001) : Dangling net 'DO_2[24]'(source:'sp_inst_3') in module 'Gowin_SPRAM' has no destination
WARN  (PA1001) : Dangling net 'DO_2[25]'(source:'sp_inst_3') in module 'Gowin_SPRAM' has no destination
WARN  (PA1001) : Dangling net 'DO_2[26]'(source:'sp_inst_3') in module 'Gowin_SPRAM' has no destination
WARN  (PA1001) : Dangling net 'DO_2[27]'(source:'sp_inst_3') in module 'Gowin_SPRAM' has no destination
WARN  (PA1001) : Dangling net 'DO_2[28]'(source:'sp_inst_3') in module 'Gowin_SPRAM' has no destination
WARN  (PA1001) : Dangling net 'DO_2[29]'(source:'sp_inst_3') in module 'Gowin_SPRAM' has no destination
WARN  (PA1001) : Dangling net 'DO_2[30]'(source:'sp_inst_3') in module 'Gowin_SPRAM' has no destination
WARN  (PA1001) : Dangling net 'DO_2[31]'(source:'sp_inst_3') in module 'Gowin_SPRAM' has no destination
Processing netlist completed
Reading constraint file: "G:\_Programming\_DOCS\Schematics\ModularNBrain\FPGA\Video\NBvideo\src\fpga_project.cst"
Physical Constraint parsed completed
Running placement......
[10%] Placement Phase 0 completed
[20%] Placement Phase 1 completed
[30%] Placement Phase 2 completed
[50%] Placement Phase 3 completed
Running routing......
[60%] Routing Phase 0 completed
[70%] Routing Phase 1 completed
[80%] Routing Phase 2 completed
[90%] Routing Phase 3 completed
Running timing analysis......
[95%] Timing analysis completed
Placement and routing completed
Bitstream generation in progress......
Bitstream generation completed
Running power analysis......
[100%] Power analysis completed
Generate file "G:\_Programming\_DOCS\Schematics\ModularNBrain\FPGA\Video\NBvideo\impl\pnr\NBvideo.power.html" completed
Generate file "G:\_Programming\_DOCS\Schematics\ModularNBrain\FPGA\Video\NBvideo\impl\pnr\NBvideo.pin.html" completed
Generate file "G:\_Programming\_DOCS\Schematics\ModularNBrain\FPGA\Video\NBvideo\impl\pnr\NBvideo.rpt.html" completed
Generate file "G:\_Programming\_DOCS\Schematics\ModularNBrain\FPGA\Video\NBvideo\impl\pnr\NBvideo.rpt.txt" completed
Generate file "G:\_Programming\_DOCS\Schematics\ModularNBrain\FPGA\Video\NBvideo\impl\pnr\NBvideo.tr.html" completed
Thu Dec 22 15:34:00 2022

