GowinSynthesis start
Running parser ...
Analyzing VHDL file 'G:\_Programming\_DOCS\Schematics\ModularNBrain\FPGA\Video\NBvideo\src\gowin_sp\gowin_spRAM.vhd'
Analyzing entity 'gowin_spram'("G:\_Programming\_DOCS\Schematics\ModularNBrain\FPGA\Video\NBvideo\src\gowin_sp\gowin_spRAM.vhd":12)
Analyzing architecture 'behavioral'("G:\_Programming\_DOCS\Schematics\ModularNBrain\FPGA\Video\NBvideo\src\gowin_sp\gowin_spRAM.vhd":25)
Analyzing VHDL file 'G:\_Programming\_DOCS\Schematics\ModularNBrain\FPGA\Video\NBvideo\src\vga.vhd'
Analyzing entity 'vga_controller'("G:\_Programming\_DOCS\Schematics\ModularNBrain\FPGA\Video\NBvideo\src\vga.vhd":79)
Analyzing architecture 'behavior'("G:\_Programming\_DOCS\Schematics\ModularNBrain\FPGA\Video\NBvideo\src\vga.vhd":109)
Processing 'vga_controller(behavior)'("G:\_Programming\_DOCS\Schematics\ModularNBrain\FPGA\Video\NBvideo\src\vga.vhd":79)
Processing 'Gowin_SPRAM(Behavioral)'("G:\_Programming\_DOCS\Schematics\ModularNBrain\FPGA\Video\NBvideo\src\gowin_sp\gowin_spRAM.vhd":12)
NOTE  (EX0101) : Current top module is "vga_controller"
[5%] Running netlist conversion ...
Running device independent optimization ...
[10%] Optimizing Phase 0 completed
[15%] Optimizing Phase 1 completed
[25%] Optimizing Phase 2 completed
Running inference ...
[30%] Inferring Phase 0 completed
[40%] Inferring Phase 1 completed
[50%] Inferring Phase 2 completed
[55%] Inferring Phase 3 completed
Running technical mapping ...
[60%] Tech-Mapping Phase 0 completed
[65%] Tech-Mapping Phase 1 completed
[75%] Tech-Mapping Phase 2 completed
[80%] Tech-Mapping Phase 3 completed
[90%] Tech-Mapping Phase 4 completed
[95%] Generate netlist file "G:\_Programming\_DOCS\Schematics\ModularNBrain\FPGA\Video\NBvideo\impl\gwsynthesis\NBvideo.vg" completed
[100%] Generate report file "G:\_Programming\_DOCS\Schematics\ModularNBrain\FPGA\Video\NBvideo\impl\gwsynthesis\NBvideo_syn.rpt.html" completed
GowinSynthesis finish
